<?xml version="1.0" encoding="UTF-8"?>
<testsuite xmlns:xsi="http://www.w3.org/2001/XMLSchema-instance" xsi:noNamespaceSchemaLocation="https://maven.apache.org/surefire/maven-surefire-plugin/xsd/surefire-test-report-3.0.xsd" version="3.0" name="com.tictactie.tictactoe.TictactoeApplicationTests" time="12.585" tests="1" errors="0" skipped="0" failures="0">
  <properties>
[...]
</properties>
  <testcase name="contextLoads" classname="com.tictactie.tictactoe.TictactoeApplicationTests" time="0.621">
    <system-out><![CDATA[18:08:50.793 [main] INFO org.springframework.test.context.support.AnnotationConfigContextLoaderUtils -- Could not detect default configuration classes for test class [com.tictactie.tictactoe.TictactoeApplicationTests]: TictactoeApplicationTests does not declare any static, non-private, non-final, nested classes annotated with @Configuration.
18:08:50.924 [main] INFO org.springframework.boot.test.context.SpringBootTestContextBootstrapper -- Found @SpringBootConfiguration com.tictactie.tictactoe.TictactoeApplication for test class com.tictactie.tictactoe.TictactoeApplicationTests

  .   ____          _            __ _ _
 /\\ / ___'_ __ _ _(_)_ __  __ _ \ \ \ \
( ( )\___ | '_ | '_| | '_ \/ _` | \ \ \ \
 \\/  ___)| |_)| | | | | || (_| |  ) ) ) )
  '  |____| .__|_| |_|_| |_\__, | / / / /
 =========|_|==============|___/=/_/_/_/
 :: Spring Boot ::                (v3.2.1)

2024-01-23T18:08:51.455+01:00  INFO 35908 --- [           main] c.t.tictactoe.TictactoeApplicationTests  : Starting TictactoeApplicationTests using Java 21.0.2 with PID 35908 (started by bttle in C:\Users\bttle\Desktop\Chmury\Gra2\backend\tictactoe\tictactoe)
2024-01-23T18:08:51.456+01:00  INFO 35908 --- [           main] c.t.tictactoe.TictactoeApplicationTests  : No active profile set, falling back to 1 default profile: "default"
2024-01-23T18:08:52.751+01:00  INFO 35908 --- [           main] .s.d.r.c.RepositoryConfigurationDelegate : Bootstrapping Spring Data JPA repositories in DEFAULT mode.
2024-01-23T18:08:52.814+01:00  INFO 35908 --- [           main] .s.d.r.c.RepositoryConfigurationDelegate : Finished Spring Data repository scanning in 53 ms. Found 3 JPA repository interfaces.
2024-01-23T18:08:53.730+01:00  INFO 35908 --- [           main] o.hibernate.jpa.internal.util.LogHelper  : HHH000204: Processing PersistenceUnitInfo [name: default]
2024-01-23T18:08:53.841+01:00  INFO 35908 --- [           main] org.hibernate.Version                    : HHH000412: Hibernate ORM core version 6.4.1.Final
2024-01-23T18:08:53.908+01:00  INFO 35908 --- [           main] o.h.c.internal.RegionFactoryInitiator    : HHH000026: Second-level cache disabled
2024-01-23T18:08:54.289+01:00  INFO 35908 --- [           main] o.s.o.j.p.SpringPersistenceUnitInfo      : No LoadTimeWeaver setup: ignoring JPA class transformer
2024-01-23T18:08:54.328+01:00  INFO 35908 --- [           main] com.zaxxer.hikari.HikariDataSource       : HikariPool-1 - Starting...
2024-01-23T18:08:56.274+01:00  INFO 35908 --- [           main] com.zaxxer.hikari.pool.HikariPool        : HikariPool-1 - Added connection com.mysql.cj.jdbc.ConnectionImpl@4ec427
2024-01-23T18:08:56.277+01:00  INFO 35908 --- [           main] com.zaxxer.hikari.HikariDataSource       : HikariPool-1 - Start completed.
2024-01-23T18:08:56.604+01:00  WARN 35908 --- [           main] org.hibernate.orm.deprecation            : HHH90000025: MySQLDialect does not need to be specified explicitly using 'hibernate.dialect' (remove the property setting and it will be selected by default)
2024-01-23T18:08:57.674+01:00  INFO 35908 --- [           main] o.h.e.t.j.p.i.JtaPlatformInitiator       : HHH000489: No JTA platform available (set 'hibernate.transaction.jta.platform' to enable JTA platform integration)
2024-01-23T18:08:59.492+01:00  INFO 35908 --- [           main] j.LocalContainerEntityManagerFactoryBean : Initialized JPA EntityManagerFactory for persistence unit 'default'
2024-01-23T18:09:00.348+01:00  INFO 35908 --- [           main] o.s.d.j.r.query.QueryEnhancerFactory     : Hibernate is in classpath; If applicable, HQL parser will be used.
2024-01-23T18:09:01.150+01:00  WARN 35908 --- [           main] JpaBaseConfiguration$JpaWebConfiguration : spring.jpa.open-in-view is enabled by default. Therefore, database queries may be performed during view rendering. Explicitly configure spring.jpa.open-in-view to disable this warning
2024-01-23T18:09:01.767+01:00  INFO 35908 --- [           main] o.s.s.web.DefaultSecurityFilterChain     : Will secure any request with [org.springframework.security.web.session.DisableEncodeUrlFilter@5ac3d009, org.springframework.security.web.context.request.async.WebAsyncManagerIntegrationFilter@67e03fe4, org.springframework.security.web.context.SecurityContextHolderFilter@4ec25389, org.springframework.security.web.header.HeaderWriterFilter@7432cb37, org.springframework.web.filter.CorsFilter@1ffcb4bb, org.springframework.security.web.authentication.logout.LogoutFilter@60bd11f7, org.springframework.security.web.authentication.www.BasicAuthenticationFilter@7d8802cf, org.springframework.security.web.savedrequest.RequestCacheAwareFilter@34c31a34, org.springframework.security.web.servletapi.SecurityContextHolderAwareRequestFilter@6b5f91a5, org.springframework.security.web.authentication.AnonymousAuthenticationFilter@6d66a248, org.springframework.security.web.session.SessionManagementFilter@432e242d, org.springframework.security.web.access.ExceptionTranslationFilter@7ae2f5b6, org.springframework.security.web.access.intercept.AuthorizationFilter@5f92ef40]
2024-01-23T18:09:01.885+01:00 DEBUG 35908 --- [           main] .WebSocketAnnotationMethodMessageHandler : 
	c.t.t.c.GameController:
	{[MESSAGE],[/game/gameplay/{gameId}]}: gamePlay(Long,GamePlayDto)
2024-01-23T18:09:01.887+01:00 DEBUG 35908 --- [           main] .WebSocketAnnotationMethodMessageHandler : 
	c.t.t.c.PlayerController:
	
2024-01-23T18:09:01.887+01:00 DEBUG 35908 --- [           main] .WebSocketAnnotationMethodMessageHandler : 
	c.t.t.c.UserController:
	
2024-01-23T18:09:01.887+01:00 DEBUG 35908 --- [           main] .WebSocketAnnotationMethodMessageHandler : 
	o.s.b.a.w.s.e.BasicErrorController:
	
2024-01-23T18:09:01.888+01:00 DEBUG 35908 --- [           main] .WebSocketAnnotationMethodMessageHandler : 
	o.s.w.a.OpenApiWebMvcResource:
	
2024-01-23T18:09:01.888+01:00 DEBUG 35908 --- [           main] .WebSocketAnnotationMethodMessageHandler : 
	o.s.w.u.SwaggerWelcomeWebMvc:
	
2024-01-23T18:09:01.888+01:00 DEBUG 35908 --- [           main] .WebSocketAnnotationMethodMessageHandler : 
	o.s.w.u.SwaggerConfigResource:
	
2024-01-23T18:09:02.483+01:00  INFO 35908 --- [           main] o.s.m.s.b.SimpleBrokerMessageHandler     : Starting...
2024-01-23T18:09:02.485+01:00  INFO 35908 --- [           main] o.s.m.s.b.SimpleBrokerMessageHandler     : BrokerAvailabilityEvent[available=true, SimpleBrokerMessageHandler [org.springframework.messaging.simp.broker.DefaultSubscriptionRegistry@18e7b33e]]
2024-01-23T18:09:02.487+01:00  INFO 35908 --- [           main] o.s.m.s.b.SimpleBrokerMessageHandler     : Started.
2024-01-23T18:09:02.500+01:00  INFO 35908 --- [           main] c.t.tictactoe.TictactoeApplicationTests  : Started TictactoeApplicationTests in 11.372 seconds (process running for 12.623)
]]></system-out>
    <system-err><![CDATA[WARNING: A Java agent has been loaded dynamically (C:\Users\bttle\.m2\repository\net\bytebuddy\byte-buddy-agent\1.14.10\byte-buddy-agent-1.14.10.jar)
WARNING: If a serviceability tool is in use, please run with -XX:+EnableDynamicAgentLoading to hide this warning
WARNING: If a serviceability tool is not in use, please run with -Djdk.instrument.traceUsage for more information
WARNING: Dynamic loading of agents will be disallowed by default in a future release
]]></system-err>
  </testcase>
</testsuite>